2021-12-21 17:50:47.812 |  INFO | 5964 | [main] | com.frame.kafka.KafkaStart               | Starting KafkaSsart on PC-20210831YXOK with PID 5964 (D:\source\longhao\summary_2021\frameApi\frameKafka\target\classes started by Administrator in D:\source\longhao\summary_2021\frameApi)
2021-12-21 17:50:47.814 |  INFO | 5964 | [main] | com.frame.kafka.KafkaStart               | No active profile set, falling back to default profiles: default
2021-12-21 17:50:48.994 |  INFO | 5964 | [main] | o.s.b.w.embedded.tomcat.TomcatWebServer  | Tomcat initialized with port(s): 8080 (http)
2021-12-21 17:50:49.007 |  INFO | 5964 | [main] | o.apache.catalina.core.StandardService   | Starting service [Tomcat]
2021-12-21 17:50:49.007 |  INFO | 5964 | [main] | org.apache.catalina.core.StandardEngine  | Starting Servlet engine: [Apache Tomcat/9.0.41]
2021-12-21 17:50:49.084 |  INFO | 5964 | [main] | o.a.c.c.C.[Tomcat].[localhost].[/]       | Initializing Spring embedded WebApplicationContext
2021-12-21 17:50:49.084 |  INFO | 5964 | [main] | w.s.c.ServletWebServerApplicationContext | Root WebApplicationContext: initialization completed in 1231 ms
2021-12-21 17:50:49.220 |  INFO | 5964 | [main] | o.s.s.concurrent.ThreadPoolTaskExecutor  | Initializing ExecutorService 'applicationTaskExecutor'
2021-12-21 17:50:49.353 |  INFO | 5964 | [main] | o.s.b.w.embedded.tomcat.TomcatWebServer  | Tomcat started on port(s): 8080 (http) with context path ''
2021-12-21 17:50:49.360 |  INFO | 5964 | [main] | com.frame.kafka.KafkaStart               | Started KafkaSsart in 1.966 seconds (JVM running for 2.274)
2021-12-21 17:50:49.362 |  INFO | 5964 | [main] | com.frame.kafka.KafkaStart               | 测试 --> 0
2021-12-21 17:50:49.474 |  INFO | 5964 | [SpringContextShutdownHook] | o.s.s.concurrent.ThreadPoolTaskExecutor  | Shutting down ExecutorService 'applicationTaskExecutor'
2021-12-21 17:50:57.864 |  INFO | 10652 | [main] | com.frame.kafka.KafkaStart               | Starting KafkaSsart on PC-20210831YXOK with PID 10652 (D:\source\longhao\summary_2021\frameApi\frameKafka\target\classes started by Administrator in D:\source\longhao\summary_2021\frameApi)
2021-12-21 17:50:57.867 |  INFO | 10652 | [main] | com.frame.kafka.KafkaStart               | No active profile set, falling back to default profiles: default
2021-12-21 17:50:59.135 |  INFO | 10652 | [main] | o.s.b.w.embedded.tomcat.TomcatWebServer  | Tomcat initialized with port(s): 8080 (http)
2021-12-21 17:50:59.153 |  INFO | 10652 | [main] | o.apache.catalina.core.StandardService   | Starting service [Tomcat]
2021-12-21 17:50:59.153 |  INFO | 10652 | [main] | org.apache.catalina.core.StandardEngine  | Starting Servlet engine: [Apache Tomcat/9.0.41]
2021-12-21 17:50:59.277 |  INFO | 10652 | [main] | o.a.c.c.C.[Tomcat].[localhost].[/]       | Initializing Spring embedded WebApplicationContext
2021-12-21 17:50:59.278 |  INFO | 10652 | [main] | w.s.c.ServletWebServerApplicationContext | Root WebApplicationContext: initialization completed in 1363 ms
2021-12-21 17:50:59.418 |  INFO | 10652 | [main] | o.s.s.concurrent.ThreadPoolTaskExecutor  | Initializing ExecutorService 'applicationTaskExecutor'
2021-12-21 17:50:59.529 |  INFO | 10652 | [main] | o.s.b.w.embedded.tomcat.TomcatWebServer  | Tomcat started on port(s): 8080 (http) with context path ''
2021-12-21 17:50:59.535 |  INFO | 10652 | [main] | com.frame.kafka.KafkaStart               | Started KafkaSsart in 2.141 seconds (JVM running for 2.661)
2021-12-21 17:50:59.537 |  INFO | 10652 | [main] | com.frame.kafka.KafkaStart               | 测试 --> 0
2021-12-21 17:51:00.541 |  INFO | 10652 | [main] | com.frame.kafka.KafkaStart               | 测试 --> 1
2021-12-21 17:51:01.542 |  INFO | 10652 | [main] | com.frame.kafka.KafkaStart               | 测试 --> 2
2021-12-21 17:51:02.552 |  INFO | 10652 | [main] | com.frame.kafka.KafkaStart               | 测试 --> 3
2021-12-21 17:51:03.563 |  INFO | 10652 | [main] | com.frame.kafka.KafkaStart               | 测试 --> 4
2021-12-21 17:51:04.572 |  INFO | 10652 | [main] | com.frame.kafka.KafkaStart               | 测试 --> 5
2021-12-21 17:51:05.576 |  INFO | 10652 | [main] | com.frame.kafka.KafkaStart               | 测试 --> 6
2021-12-21 17:51:06.579 |  INFO | 10652 | [main] | com.frame.kafka.KafkaStart               | 测试 --> 7
2021-12-21 17:51:07.589 |  INFO | 10652 | [main] | com.frame.kafka.KafkaStart               | 测试 --> 8
2021-12-21 17:51:08.597 |  INFO | 10652 | [main] | com.frame.kafka.KafkaStart               | 测试 --> 9
2021-12-21 17:51:09.605 |  INFO | 10652 | [main] | com.frame.kafka.KafkaStart               | 测试 --> 10
2021-12-21 17:51:10.611 |  INFO | 10652 | [main] | com.frame.kafka.KafkaStart               | 测试 --> 11
2021-12-21 17:51:11.618 |  INFO | 10652 | [main] | com.frame.kafka.KafkaStart               | 测试 --> 12
2021-12-21 17:51:12.624 |  INFO | 10652 | [main] | com.frame.kafka.KafkaStart               | 测试 --> 13
2021-12-21 17:51:13.625 |  INFO | 10652 | [main] | com.frame.kafka.KafkaStart               | 测试 --> 14
2021-12-21 17:51:14.626 |  INFO | 10652 | [main] | com.frame.kafka.KafkaStart               | 测试 --> 15
2021-12-21 17:51:15.639 |  INFO | 10652 | [main] | com.frame.kafka.KafkaStart               | 测试 --> 16
2021-12-21 17:51:16.304 |  INFO | 10652 | [SpringContextShutdownHook] | o.s.s.concurrent.ThreadPoolTaskExecutor  | Shutting down ExecutorService 'applicationTaskExecutor'
2021-12-21 17:51:22.873 |  INFO | 13632 | [main] | com.frame.kafka.KafkaStart               | Starting KafkaSsart on PC-20210831YXOK with PID 13632 (D:\source\longhao\summary_2021\frameApi\frameKafka\target\classes started by Administrator in D:\source\longhao\summary_2021\frameApi)
2021-12-21 17:51:22.875 |  INFO | 13632 | [main] | com.frame.kafka.KafkaStart               | No active profile set, falling back to default profiles: default
2021-12-21 17:51:23.686 |  INFO | 13632 | [main] | o.s.b.w.embedded.tomcat.TomcatWebServer  | Tomcat initialized with port(s): 8080 (http)
2021-12-21 17:51:23.696 |  INFO | 13632 | [main] | o.apache.catalina.core.StandardService   | Starting service [Tomcat]
2021-12-21 17:51:23.696 |  INFO | 13632 | [main] | org.apache.catalina.core.StandardEngine  | Starting Servlet engine: [Apache Tomcat/9.0.41]
2021-12-21 17:51:23.761 |  INFO | 13632 | [main] | o.a.c.c.C.[Tomcat].[localhost].[/]       | Initializing Spring embedded WebApplicationContext
2021-12-21 17:51:23.762 |  INFO | 13632 | [main] | w.s.c.ServletWebServerApplicationContext | Root WebApplicationContext: initialization completed in 851 ms
2021-12-21 17:51:23.891 |  INFO | 13632 | [main] | o.s.s.concurrent.ThreadPoolTaskExecutor  | Initializing ExecutorService 'applicationTaskExecutor'
2021-12-21 17:51:24.022 |  INFO | 13632 | [main] | o.s.b.w.embedded.tomcat.TomcatWebServer  | Tomcat started on port(s): 8080 (http) with context path ''
2021-12-21 17:51:24.029 |  INFO | 13632 | [main] | com.frame.kafka.KafkaStart               | Started KafkaSsart in 1.507 seconds (JVM running for 1.789)
2021-12-21 17:51:24.031 |  INFO | 13632 | [main] | com.frame.kafka.KafkaStart               | 测试 --> 0
2021-12-21 17:51:24.147 |  INFO | 13632 | [main] | com.frame.kafka.KafkaStart               | 测试 --> 1
2021-12-21 17:51:24.257 |  INFO | 13632 | [main] | com.frame.kafka.KafkaStart               | 测试 --> 2
2021-12-21 17:51:24.368 |  INFO | 13632 | [main] | com.frame.kafka.KafkaStart               | 测试 --> 3
2021-12-21 17:51:24.477 |  INFO | 13632 | [main] | com.frame.kafka.KafkaStart               | 测试 --> 4
2021-12-21 17:51:24.587 |  INFO | 13632 | [main] | com.frame.kafka.KafkaStart               | 测试 --> 5
2021-12-21 17:51:24.697 |  INFO | 13632 | [main] | com.frame.kafka.KafkaStart               | 测试 --> 6
2021-12-21 17:51:24.807 |  INFO | 13632 | [main] | com.frame.kafka.KafkaStart               | 测试 --> 7
2021-12-21 17:51:24.916 |  INFO | 13632 | [main] | com.frame.kafka.KafkaStart               | 测试 --> 8
2021-12-21 17:51:25.024 |  INFO | 13632 | [main] | com.frame.kafka.KafkaStart               | 测试 --> 9
2021-12-21 17:51:25.134 |  INFO | 13632 | [main] | com.frame.kafka.KafkaStart               | 测试 --> 10
2021-12-21 17:51:25.246 |  INFO | 13632 | [main] | com.frame.kafka.KafkaStart               | 测试 --> 11
2021-12-21 17:51:25.357 |  INFO | 13632 | [main] | com.frame.kafka.KafkaStart               | 测试 --> 12
2021-12-21 17:51:25.468 |  INFO | 13632 | [main] | com.frame.kafka.KafkaStart               | 测试 --> 13
2021-12-21 17:51:25.576 |  INFO | 13632 | [main] | com.frame.kafka.KafkaStart               | 测试 --> 14
2021-12-21 17:51:25.683 |  INFO | 13632 | [main] | com.frame.kafka.KafkaStart               | 测试 --> 15
2021-12-21 17:51:25.790 |  INFO | 13632 | [main] | com.frame.kafka.KafkaStart               | 测试 --> 16
2021-12-21 17:51:25.898 |  INFO | 13632 | [main] | com.frame.kafka.KafkaStart               | 测试 --> 17
2021-12-21 17:51:26.005 |  INFO | 13632 | [main] | com.frame.kafka.KafkaStart               | 测试 --> 18
2021-12-21 17:51:26.113 |  INFO | 13632 | [main] | com.frame.kafka.KafkaStart               | 测试 --> 19
2021-12-21 17:51:26.223 |  INFO | 13632 | [main] | com.frame.kafka.KafkaStart               | 测试 --> 20
2021-12-21 17:51:26.331 |  INFO | 13632 | [main] | com.frame.kafka.KafkaStart               | 测试 --> 21
2021-12-21 17:51:26.441 |  INFO | 13632 | [main] | com.frame.kafka.KafkaStart               | 测试 --> 22
2021-12-21 17:51:26.551 |  INFO | 13632 | [main] | com.frame.kafka.KafkaStart               | 测试 --> 23
2021-12-21 17:51:26.661 |  INFO | 13632 | [main] | com.frame.kafka.KafkaStart               | 测试 --> 24
2021-12-21 17:51:26.770 |  INFO | 13632 | [main] | com.frame.kafka.KafkaStart               | 测试 --> 25
2021-12-21 17:51:26.879 |  INFO | 13632 | [main] | com.frame.kafka.KafkaStart               | 测试 --> 26
2021-12-21 17:51:26.987 |  INFO | 13632 | [main] | com.frame.kafka.KafkaStart               | 测试 --> 27
2021-12-21 17:51:27.096 |  INFO | 13632 | [main] | com.frame.kafka.KafkaStart               | 测试 --> 28
2021-12-21 17:51:27.204 |  INFO | 13632 | [main] | com.frame.kafka.KafkaStart               | 测试 --> 29
2021-12-21 17:51:27.314 |  INFO | 13632 | [main] | com.frame.kafka.KafkaStart               | 测试 --> 30
2021-12-21 17:51:27.422 |  INFO | 13632 | [main] | com.frame.kafka.KafkaStart               | 测试 --> 31
2021-12-21 17:51:27.531 |  INFO | 13632 | [main] | com.frame.kafka.KafkaStart               | 测试 --> 32
2021-12-21 17:51:27.640 |  INFO | 13632 | [main] | com.frame.kafka.KafkaStart               | 测试 --> 33
2021-12-21 17:51:27.748 |  INFO | 13632 | [main] | com.frame.kafka.KafkaStart               | 测试 --> 34
2021-12-21 17:51:27.856 |  INFO | 13632 | [main] | com.frame.kafka.KafkaStart               | 测试 --> 35
2021-12-21 17:51:27.965 |  INFO | 13632 | [main] | com.frame.kafka.KafkaStart               | 测试 --> 36
2021-12-21 17:51:28.075 |  INFO | 13632 | [main] | com.frame.kafka.KafkaStart               | 测试 --> 37
2021-12-21 17:51:28.182 |  INFO | 13632 | [main] | com.frame.kafka.KafkaStart               | 测试 --> 38
2021-12-21 17:51:28.291 |  INFO | 13632 | [main] | com.frame.kafka.KafkaStart               | 测试 --> 39
2021-12-21 17:51:28.400 |  INFO | 13632 | [main] | com.frame.kafka.KafkaStart               | 测试 --> 40
2021-12-21 17:51:28.510 |  INFO | 13632 | [main] | com.frame.kafka.KafkaStart               | 测试 --> 41
2021-12-21 17:51:28.618 |  INFO | 13632 | [main] | com.frame.kafka.KafkaStart               | 测试 --> 42
2021-12-21 17:51:28.726 |  INFO | 13632 | [main] | com.frame.kafka.KafkaStart               | 测试 --> 43
2021-12-21 17:51:28.834 |  INFO | 13632 | [main] | com.frame.kafka.KafkaStart               | 测试 --> 44
2021-12-21 17:51:28.941 |  INFO | 13632 | [main] | com.frame.kafka.KafkaStart               | 测试 --> 45
2021-12-21 17:51:29.051 |  INFO | 13632 | [main] | com.frame.kafka.KafkaStart               | 测试 --> 46
2021-12-21 17:51:29.159 |  INFO | 13632 | [main] | com.frame.kafka.KafkaStart               | 测试 --> 47
2021-12-21 17:51:29.266 |  INFO | 13632 | [main] | com.frame.kafka.KafkaStart               | 测试 --> 48
2021-12-21 17:51:29.373 |  INFO | 13632 | [main] | com.frame.kafka.KafkaStart               | 测试 --> 49
2021-12-21 17:51:29.482 |  INFO | 13632 | [main] | com.frame.kafka.KafkaStart               | 测试 --> 50
2021-12-21 17:51:29.589 |  INFO | 13632 | [main] | com.frame.kafka.KafkaStart               | 测试 --> 51
2021-12-21 17:51:29.698 |  INFO | 13632 | [main] | com.frame.kafka.KafkaStart               | 测试 --> 52
2021-12-21 17:51:29.806 |  INFO | 13632 | [main] | com.frame.kafka.KafkaStart               | 测试 --> 53
2021-12-21 17:51:29.914 |  INFO | 13632 | [main] | com.frame.kafka.KafkaStart               | 测试 --> 54
2021-12-21 17:51:30.021 |  INFO | 13632 | [main] | com.frame.kafka.KafkaStart               | 测试 --> 55
2021-12-21 17:51:30.130 |  INFO | 13632 | [main] | com.frame.kafka.KafkaStart               | 测试 --> 56
2021-12-21 17:51:30.239 |  INFO | 13632 | [main] | com.frame.kafka.KafkaStart               | 测试 --> 57
2021-12-21 17:51:30.349 |  INFO | 13632 | [main] | com.frame.kafka.KafkaStart               | 测试 --> 58
2021-12-21 17:51:30.458 |  INFO | 13632 | [main] | com.frame.kafka.KafkaStart               | 测试 --> 59
2021-12-21 17:51:30.566 |  INFO | 13632 | [main] | com.frame.kafka.KafkaStart               | 测试 --> 60
2021-12-21 17:51:30.675 |  INFO | 13632 | [main] | com.frame.kafka.KafkaStart               | 测试 --> 61
2021-12-21 17:51:30.783 |  INFO | 13632 | [main] | com.frame.kafka.KafkaStart               | 测试 --> 62
2021-12-21 17:51:30.892 |  INFO | 13632 | [main] | com.frame.kafka.KafkaStart               | 测试 --> 63
2021-12-21 17:51:31.000 |  INFO | 13632 | [main] | com.frame.kafka.KafkaStart               | 测试 --> 64
2021-12-21 17:51:31.109 |  INFO | 13632 | [main] | com.frame.kafka.KafkaStart               | 测试 --> 65
2021-12-21 17:51:31.217 |  INFO | 13632 | [main] | com.frame.kafka.KafkaStart               | 测试 --> 66
2021-12-21 17:51:31.325 |  INFO | 13632 | [main] | com.frame.kafka.KafkaStart               | 测试 --> 67
2021-12-21 17:51:31.433 |  INFO | 13632 | [main] | com.frame.kafka.KafkaStart               | 测试 --> 68
2021-12-21 17:51:31.541 |  INFO | 13632 | [main] | com.frame.kafka.KafkaStart               | 测试 --> 69
2021-12-21 17:51:31.650 |  INFO | 13632 | [main] | com.frame.kafka.KafkaStart               | 测试 --> 70
2021-12-21 17:51:31.759 |  INFO | 13632 | [main] | com.frame.kafka.KafkaStart               | 测试 --> 71
2021-12-21 17:51:31.868 |  INFO | 13632 | [main] | com.frame.kafka.KafkaStart               | 测试 --> 72
2021-12-21 17:51:31.976 |  INFO | 13632 | [main] | com.frame.kafka.KafkaStart               | 测试 --> 73
2021-12-21 17:51:32.084 |  INFO | 13632 | [main] | com.frame.kafka.KafkaStart               | 测试 --> 74
2021-12-21 17:51:32.192 |  INFO | 13632 | [main] | com.frame.kafka.KafkaStart               | 测试 --> 75
2021-12-21 17:51:32.301 |  INFO | 13632 | [main] | com.frame.kafka.KafkaStart               | 测试 --> 76
2021-12-21 17:51:32.410 |  INFO | 13632 | [main] | com.frame.kafka.KafkaStart               | 测试 --> 77
2021-12-21 17:51:32.520 |  INFO | 13632 | [main] | com.frame.kafka.KafkaStart               | 测试 --> 78
2021-12-21 17:51:32.628 |  INFO | 13632 | [main] | com.frame.kafka.KafkaStart               | 测试 --> 79
2021-12-21 17:51:32.739 |  INFO | 13632 | [main] | com.frame.kafka.KafkaStart               | 测试 --> 80
2021-12-21 17:51:32.846 |  INFO | 13632 | [main] | com.frame.kafka.KafkaStart               | 测试 --> 81
2021-12-21 17:51:32.955 |  INFO | 13632 | [main] | com.frame.kafka.KafkaStart               | 测试 --> 82
2021-12-21 17:51:33.064 |  INFO | 13632 | [main] | com.frame.kafka.KafkaStart               | 测试 --> 83
2021-12-21 17:51:33.174 |  INFO | 13632 | [main] | com.frame.kafka.KafkaStart               | 测试 --> 84
2021-12-21 17:51:33.284 |  INFO | 13632 | [main] | com.frame.kafka.KafkaStart               | 测试 --> 85
2021-12-21 17:51:33.393 |  INFO | 13632 | [main] | com.frame.kafka.KafkaStart               | 测试 --> 86
2021-12-21 17:51:33.502 |  INFO | 13632 | [main] | com.frame.kafka.KafkaStart               | 测试 --> 87
2021-12-21 17:51:33.611 |  INFO | 13632 | [main] | com.frame.kafka.KafkaStart               | 测试 --> 88
2021-12-21 17:51:33.719 |  INFO | 13632 | [main] | com.frame.kafka.KafkaStart               | 测试 --> 89
2021-12-21 17:51:33.830 |  INFO | 13632 | [main] | com.frame.kafka.KafkaStart               | 测试 --> 90
2021-12-21 17:51:33.939 |  INFO | 13632 | [main] | com.frame.kafka.KafkaStart               | 测试 --> 91
2021-12-21 17:51:34.046 |  INFO | 13632 | [main] | com.frame.kafka.KafkaStart               | 测试 --> 92
2021-12-21 17:51:34.156 |  INFO | 13632 | [main] | com.frame.kafka.KafkaStart               | 测试 --> 93
2021-12-21 17:51:34.264 |  INFO | 13632 | [main] | com.frame.kafka.KafkaStart               | 测试 --> 94
2021-12-21 17:51:34.372 |  INFO | 13632 | [main] | com.frame.kafka.KafkaStart               | 测试 --> 95
2021-12-21 17:51:34.481 |  INFO | 13632 | [main] | com.frame.kafka.KafkaStart               | 测试 --> 96
2021-12-21 17:51:34.591 |  INFO | 13632 | [main] | com.frame.kafka.KafkaStart               | 测试 --> 97
2021-12-21 17:51:34.701 |  INFO | 13632 | [main] | com.frame.kafka.KafkaStart               | 测试 --> 98
2021-12-21 17:51:34.808 |  INFO | 13632 | [main] | com.frame.kafka.KafkaStart               | 测试 --> 99
2021-12-21 17:51:34.917 |  INFO | 13632 | [main] | com.frame.kafka.KafkaStart               | 测试 --> 100
2021-12-21 17:51:35.024 |  INFO | 13632 | [main] | com.frame.kafka.KafkaStart               | 测试 --> 101
2021-12-21 17:51:35.133 |  INFO | 13632 | [main] | com.frame.kafka.KafkaStart               | 测试 --> 102
2021-12-21 17:51:35.241 |  INFO | 13632 | [main] | com.frame.kafka.KafkaStart               | 测试 --> 103
2021-12-21 17:51:35.351 |  INFO | 13632 | [main] | com.frame.kafka.KafkaStart               | 测试 --> 104
2021-12-21 17:51:35.459 |  INFO | 13632 | [main] | com.frame.kafka.KafkaStart               | 测试 --> 105
2021-12-21 17:51:35.568 |  INFO | 13632 | [main] | com.frame.kafka.KafkaStart               | 测试 --> 106
2021-12-21 17:51:35.678 |  INFO | 13632 | [main] | com.frame.kafka.KafkaStart               | 测试 --> 107
2021-12-21 17:51:35.788 |  INFO | 13632 | [main] | com.frame.kafka.KafkaStart               | 测试 --> 108
2021-12-21 17:51:35.899 |  INFO | 13632 | [main] | com.frame.kafka.KafkaStart               | 测试 --> 109
2021-12-21 17:51:36.011 |  INFO | 13632 | [main] | com.frame.kafka.KafkaStart               | 测试 --> 110
2021-12-21 17:51:36.120 |  INFO | 13632 | [main] | com.frame.kafka.KafkaStart               | 测试 --> 111
2021-12-21 17:51:36.229 |  INFO | 13632 | [main] | com.frame.kafka.KafkaStart               | 测试 --> 112
2021-12-21 17:51:36.339 |  INFO | 13632 | [main] | com.frame.kafka.KafkaStart               | 测试 --> 113
2021-12-21 17:51:36.448 |  INFO | 13632 | [main] | com.frame.kafka.KafkaStart               | 测试 --> 114
2021-12-21 17:51:36.558 |  INFO | 13632 | [main] | com.frame.kafka.KafkaStart               | 测试 --> 115
2021-12-21 17:51:36.668 |  INFO | 13632 | [main] | com.frame.kafka.KafkaStart               | 测试 --> 116
2021-12-21 17:51:36.779 |  INFO | 13632 | [main] | com.frame.kafka.KafkaStart               | 测试 --> 117
2021-12-21 17:51:36.890 |  INFO | 13632 | [main] | com.frame.kafka.KafkaStart               | 测试 --> 118
2021-12-21 17:51:36.998 |  INFO | 13632 | [main] | com.frame.kafka.KafkaStart               | 测试 --> 119
2021-12-21 17:51:37.107 |  INFO | 13632 | [main] | com.frame.kafka.KafkaStart               | 测试 --> 120
2021-12-21 17:51:37.218 |  INFO | 13632 | [main] | com.frame.kafka.KafkaStart               | 测试 --> 121
2021-12-21 17:51:37.328 |  INFO | 13632 | [main] | com.frame.kafka.KafkaStart               | 测试 --> 122
2021-12-21 17:51:37.437 |  INFO | 13632 | [main] | com.frame.kafka.KafkaStart               | 测试 --> 123
2021-12-21 17:51:37.548 |  INFO | 13632 | [main] | com.frame.kafka.KafkaStart               | 测试 --> 124
2021-12-21 17:51:37.656 |  INFO | 13632 | [main] | com.frame.kafka.KafkaStart               | 测试 --> 125
2021-12-21 17:51:37.765 |  INFO | 13632 | [main] | com.frame.kafka.KafkaStart               | 测试 --> 126
2021-12-21 17:51:37.873 |  INFO | 13632 | [main] | com.frame.kafka.KafkaStart               | 测试 --> 127
2021-12-21 17:51:37.982 |  INFO | 13632 | [main] | com.frame.kafka.KafkaStart               | 测试 --> 128
2021-12-21 17:51:38.090 |  INFO | 13632 | [main] | com.frame.kafka.KafkaStart               | 测试 --> 129
2021-12-21 17:51:38.201 |  INFO | 13632 | [main] | com.frame.kafka.KafkaStart               | 测试 --> 130
2021-12-21 17:51:38.312 |  INFO | 13632 | [main] | com.frame.kafka.KafkaStart               | 测试 --> 131
2021-12-21 17:51:38.422 |  INFO | 13632 | [main] | com.frame.kafka.KafkaStart               | 测试 --> 132
2021-12-21 17:51:38.532 |  INFO | 13632 | [main] | com.frame.kafka.KafkaStart               | 测试 --> 133
2021-12-21 17:51:38.641 |  INFO | 13632 | [main] | com.frame.kafka.KafkaStart               | 测试 --> 134
2021-12-21 17:51:38.750 |  INFO | 13632 | [main] | com.frame.kafka.KafkaStart               | 测试 --> 135
2021-12-21 17:51:38.859 |  INFO | 13632 | [main] | com.frame.kafka.KafkaStart               | 测试 --> 136
2021-12-21 17:51:38.969 |  INFO | 13632 | [main] | com.frame.kafka.KafkaStart               | 测试 --> 137
2021-12-21 17:51:39.078 |  INFO | 13632 | [main] | com.frame.kafka.KafkaStart               | 测试 --> 138
2021-12-21 17:51:39.188 |  INFO | 13632 | [main] | com.frame.kafka.KafkaStart               | 测试 --> 139
2021-12-21 17:51:39.297 |  INFO | 13632 | [main] | com.frame.kafka.KafkaStart               | 测试 --> 140
2021-12-21 17:51:39.406 |  INFO | 13632 | [main] | com.frame.kafka.KafkaStart               | 测试 --> 141
2021-12-21 17:51:39.515 |  INFO | 13632 | [main] | com.frame.kafka.KafkaStart               | 测试 --> 142
2021-12-21 17:51:39.623 |  INFO | 13632 | [main] | com.frame.kafka.KafkaStart               | 测试 --> 143
2021-12-21 17:51:39.731 |  INFO | 13632 | [main] | com.frame.kafka.KafkaStart               | 测试 --> 144
2021-12-21 17:51:39.840 |  INFO | 13632 | [main] | com.frame.kafka.KafkaStart               | 测试 --> 145
2021-12-21 17:51:39.949 |  INFO | 13632 | [main] | com.frame.kafka.KafkaStart               | 测试 --> 146
2021-12-21 17:51:40.059 |  INFO | 13632 | [main] | com.frame.kafka.KafkaStart               | 测试 --> 147
2021-12-21 17:51:40.167 |  INFO | 13632 | [main] | com.frame.kafka.KafkaStart               | 测试 --> 148
2021-12-21 17:51:40.277 |  INFO | 13632 | [main] | com.frame.kafka.KafkaStart               | 测试 --> 149
2021-12-21 17:51:40.384 |  INFO | 13632 | [main] | com.frame.kafka.KafkaStart               | 测试 --> 150
2021-12-21 17:51:40.495 |  INFO | 13632 | [main] | com.frame.kafka.KafkaStart               | 测试 --> 151
2021-12-21 17:51:40.604 |  INFO | 13632 | [main] | com.frame.kafka.KafkaStart               | 测试 --> 152
2021-12-21 17:51:40.712 |  INFO | 13632 | [main] | com.frame.kafka.KafkaStart               | 测试 --> 153
2021-12-21 17:51:40.822 |  INFO | 13632 | [main] | com.frame.kafka.KafkaStart               | 测试 --> 154
2021-12-21 17:51:40.930 |  INFO | 13632 | [main] | com.frame.kafka.KafkaStart               | 测试 --> 155
2021-12-21 17:51:41.039 |  INFO | 13632 | [main] | com.frame.kafka.KafkaStart               | 测试 --> 156
2021-12-21 17:51:41.149 |  INFO | 13632 | [main] | com.frame.kafka.KafkaStart               | 测试 --> 157
2021-12-21 17:51:41.260 |  INFO | 13632 | [main] | com.frame.kafka.KafkaStart               | 测试 --> 158
2021-12-21 17:51:41.369 |  INFO | 13632 | [main] | com.frame.kafka.KafkaStart               | 测试 --> 159
2021-12-21 17:51:41.478 |  INFO | 13632 | [main] | com.frame.kafka.KafkaStart               | 测试 --> 160
2021-12-21 17:51:41.586 |  INFO | 13632 | [main] | com.frame.kafka.KafkaStart               | 测试 --> 161
2021-12-21 17:51:41.694 |  INFO | 13632 | [main] | com.frame.kafka.KafkaStart               | 测试 --> 162
2021-12-21 17:51:41.804 |  INFO | 13632 | [main] | com.frame.kafka.KafkaStart               | 测试 --> 163
2021-12-21 17:51:41.914 |  INFO | 13632 | [main] | com.frame.kafka.KafkaStart               | 测试 --> 164
2021-12-21 17:51:42.023 |  INFO | 13632 | [main] | com.frame.kafka.KafkaStart               | 测试 --> 165
2021-12-21 17:51:42.133 |  INFO | 13632 | [main] | com.frame.kafka.KafkaStart               | 测试 --> 166
2021-12-21 17:51:42.244 |  INFO | 13632 | [main] | com.frame.kafka.KafkaStart               | 测试 --> 167
2021-12-21 17:51:42.354 |  INFO | 13632 | [main] | com.frame.kafka.KafkaStart               | 测试 --> 168
2021-12-21 17:51:42.465 |  INFO | 13632 | [main] | com.frame.kafka.KafkaStart               | 测试 --> 169
2021-12-21 17:51:42.573 |  INFO | 13632 | [main] | com.frame.kafka.KafkaStart               | 测试 --> 170
2021-12-21 17:51:42.681 |  INFO | 13632 | [main] | com.frame.kafka.KafkaStart               | 测试 --> 171
2021-12-21 17:51:42.790 |  INFO | 13632 | [main] | com.frame.kafka.KafkaStart               | 测试 --> 172
2021-12-21 17:51:42.898 |  INFO | 13632 | [main] | com.frame.kafka.KafkaStart               | 测试 --> 173
2021-12-21 17:51:43.007 |  INFO | 13632 | [main] | com.frame.kafka.KafkaStart               | 测试 --> 174
2021-12-21 17:51:43.117 |  INFO | 13632 | [main] | com.frame.kafka.KafkaStart               | 测试 --> 175
2021-12-21 17:51:43.225 |  INFO | 13632 | [main] | com.frame.kafka.KafkaStart               | 测试 --> 176
2021-12-21 17:51:43.335 |  INFO | 13632 | [main] | com.frame.kafka.KafkaStart               | 测试 --> 177
2021-12-21 17:51:43.443 |  INFO | 13632 | [main] | com.frame.kafka.KafkaStart               | 测试 --> 178
2021-12-21 17:51:43.551 |  INFO | 13632 | [main] | com.frame.kafka.KafkaStart               | 测试 --> 179
2021-12-21 17:51:43.661 |  INFO | 13632 | [main] | com.frame.kafka.KafkaStart               | 测试 --> 180
2021-12-21 17:51:43.771 |  INFO | 13632 | [main] | com.frame.kafka.KafkaStart               | 测试 --> 181
2021-12-21 17:51:43.880 |  INFO | 13632 | [main] | com.frame.kafka.KafkaStart               | 测试 --> 182
2021-12-21 17:51:43.988 |  INFO | 13632 | [main] | com.frame.kafka.KafkaStart               | 测试 --> 183
2021-12-21 17:51:44.096 |  INFO | 13632 | [main] | com.frame.kafka.KafkaStart               | 测试 --> 184
2021-12-21 17:51:44.208 |  INFO | 13632 | [main] | com.frame.kafka.KafkaStart               | 测试 --> 185
2021-12-21 17:51:44.320 |  INFO | 13632 | [main] | com.frame.kafka.KafkaStart               | 测试 --> 186
2021-12-21 17:51:44.431 |  INFO | 13632 | [main] | com.frame.kafka.KafkaStart               | 测试 --> 187
2021-12-21 17:51:44.540 |  INFO | 13632 | [main] | com.frame.kafka.KafkaStart               | 测试 --> 188
2021-12-21 17:51:44.649 |  INFO | 13632 | [main] | com.frame.kafka.KafkaStart               | 测试 --> 189
2021-12-21 17:51:44.760 |  INFO | 13632 | [main] | com.frame.kafka.KafkaStart               | 测试 --> 190
2021-12-21 17:51:44.871 |  INFO | 13632 | [main] | com.frame.kafka.KafkaStart               | 测试 --> 191
2021-12-21 17:51:44.981 |  INFO | 13632 | [main] | com.frame.kafka.KafkaStart               | 测试 --> 192
2021-12-21 17:51:45.093 |  INFO | 13632 | [main] | com.frame.kafka.KafkaStart               | 测试 --> 193
2021-12-21 17:51:45.205 |  INFO | 13632 | [main] | com.frame.kafka.KafkaStart               | 测试 --> 194
2021-12-21 17:51:45.314 |  INFO | 13632 | [main] | com.frame.kafka.KafkaStart               | 测试 --> 195
2021-12-21 17:51:45.423 |  INFO | 13632 | [main] | com.frame.kafka.KafkaStart               | 测试 --> 196
2021-12-21 17:51:45.534 |  INFO | 13632 | [main] | com.frame.kafka.KafkaStart               | 测试 --> 197
2021-12-21 17:51:45.643 |  INFO | 13632 | [main] | com.frame.kafka.KafkaStart               | 测试 --> 198
2021-12-21 17:51:45.752 |  INFO | 13632 | [main] | com.frame.kafka.KafkaStart               | 测试 --> 199
2021-12-21 17:51:45.861 |  INFO | 13632 | [main] | com.frame.kafka.KafkaStart               | 测试 --> 200
2021-12-21 17:51:45.969 |  INFO | 13632 | [main] | com.frame.kafka.KafkaStart               | 测试 --> 201
2021-12-21 17:51:46.076 |  INFO | 13632 | [main] | com.frame.kafka.KafkaStart               | 测试 --> 202
2021-12-21 17:51:46.185 |  INFO | 13632 | [main] | com.frame.kafka.KafkaStart               | 测试 --> 203
2021-12-21 17:51:46.295 |  INFO | 13632 | [main] | com.frame.kafka.KafkaStart               | 测试 --> 204
2021-12-21 17:51:46.404 |  INFO | 13632 | [main] | com.frame.kafka.KafkaStart               | 测试 --> 205
2021-12-21 17:51:46.513 |  INFO | 13632 | [main] | com.frame.kafka.KafkaStart               | 测试 --> 206
2021-12-21 17:51:46.622 |  INFO | 13632 | [main] | com.frame.kafka.KafkaStart               | 测试 --> 207
2021-12-21 17:51:46.733 |  INFO | 13632 | [main] | com.frame.kafka.KafkaStart               | 测试 --> 208
2021-12-21 17:51:46.842 |  INFO | 13632 | [main] | com.frame.kafka.KafkaStart               | 测试 --> 209
2021-12-21 17:51:46.951 |  INFO | 13632 | [main] | com.frame.kafka.KafkaStart               | 测试 --> 210
2021-12-21 17:51:47.062 |  INFO | 13632 | [main] | com.frame.kafka.KafkaStart               | 测试 --> 211
2021-12-21 17:51:47.171 |  INFO | 13632 | [main] | com.frame.kafka.KafkaStart               | 测试 --> 212
2021-12-21 17:51:47.280 |  INFO | 13632 | [main] | com.frame.kafka.KafkaStart               | 测试 --> 213
2021-12-21 17:51:47.388 |  INFO | 13632 | [main] | com.frame.kafka.KafkaStart               | 测试 --> 214
2021-12-21 17:51:47.498 |  INFO | 13632 | [main] | com.frame.kafka.KafkaStart               | 测试 --> 215
2021-12-21 17:51:47.606 |  INFO | 13632 | [main] | com.frame.kafka.KafkaStart               | 测试 --> 216
2021-12-21 17:51:47.716 |  INFO | 13632 | [main] | com.frame.kafka.KafkaStart               | 测试 --> 217
2021-12-21 17:51:47.825 |  INFO | 13632 | [main] | com.frame.kafka.KafkaStart               | 测试 --> 218
2021-12-21 17:51:47.934 |  INFO | 13632 | [main] | com.frame.kafka.KafkaStart               | 测试 --> 219
2021-12-21 17:51:48.044 |  INFO | 13632 | [main] | com.frame.kafka.KafkaStart               | 测试 --> 220
2021-12-21 17:51:48.154 |  INFO | 13632 | [main] | com.frame.kafka.KafkaStart               | 测试 --> 221
2021-12-21 17:51:48.265 |  INFO | 13632 | [main] | com.frame.kafka.KafkaStart               | 测试 --> 222
2021-12-21 17:51:48.375 |  INFO | 13632 | [main] | com.frame.kafka.KafkaStart               | 测试 --> 223
2021-12-21 17:51:48.484 |  INFO | 13632 | [main] | com.frame.kafka.KafkaStart               | 测试 --> 224
2021-12-21 17:51:48.594 |  INFO | 13632 | [main] | com.frame.kafka.KafkaStart               | 测试 --> 225
2021-12-21 17:51:48.704 |  INFO | 13632 | [main] | com.frame.kafka.KafkaStart               | 测试 --> 226
2021-12-21 17:51:48.815 |  INFO | 13632 | [main] | com.frame.kafka.KafkaStart               | 测试 --> 227
2021-12-21 17:51:48.926 |  INFO | 13632 | [main] | com.frame.kafka.KafkaStart               | 测试 --> 228
2021-12-21 17:51:49.035 |  INFO | 13632 | [main] | com.frame.kafka.KafkaStart               | 测试 --> 229
2021-12-21 17:51:49.144 |  INFO | 13632 | [main] | com.frame.kafka.KafkaStart               | 测试 --> 230
2021-12-21 17:51:49.253 |  INFO | 13632 | [main] | com.frame.kafka.KafkaStart               | 测试 --> 231
2021-12-21 17:51:49.362 |  INFO | 13632 | [main] | com.frame.kafka.KafkaStart               | 测试 --> 232
2021-12-21 17:51:49.469 |  INFO | 13632 | [main] | com.frame.kafka.KafkaStart               | 测试 --> 233
2021-12-21 17:51:49.578 |  INFO | 13632 | [main] | com.frame.kafka.KafkaStart               | 测试 --> 234
2021-12-21 17:51:49.686 |  INFO | 13632 | [main] | com.frame.kafka.KafkaStart               | 测试 --> 235
2021-12-21 17:51:49.796 |  INFO | 13632 | [main] | com.frame.kafka.KafkaStart               | 测试 --> 236
2021-12-21 17:51:49.906 |  INFO | 13632 | [main] | com.frame.kafka.KafkaStart               | 测试 --> 237
2021-12-21 17:51:50.017 |  INFO | 13632 | [main] | com.frame.kafka.KafkaStart               | 测试 --> 238
2021-12-21 17:51:50.127 |  INFO | 13632 | [main] | com.frame.kafka.KafkaStart               | 测试 --> 239
2021-12-21 17:51:50.236 |  INFO | 13632 | [main] | com.frame.kafka.KafkaStart               | 测试 --> 240
2021-12-21 17:51:50.345 |  INFO | 13632 | [main] | com.frame.kafka.KafkaStart               | 测试 --> 241
2021-12-21 17:51:50.454 |  INFO | 13632 | [main] | com.frame.kafka.KafkaStart               | 测试 --> 242
2021-12-21 17:51:50.563 |  INFO | 13632 | [main] | com.frame.kafka.KafkaStart               | 测试 --> 243
2021-12-21 17:51:50.673 |  INFO | 13632 | [main] | com.frame.kafka.KafkaStart               | 测试 --> 244
2021-12-21 17:51:50.780 |  INFO | 13632 | [main] | com.frame.kafka.KafkaStart               | 测试 --> 245
2021-12-21 17:51:50.890 |  INFO | 13632 | [main] | com.frame.kafka.KafkaStart               | 测试 --> 246
2021-12-21 17:51:50.998 |  INFO | 13632 | [main] | com.frame.kafka.KafkaStart               | 测试 --> 247
2021-12-21 17:51:51.107 |  INFO | 13632 | [main] | com.frame.kafka.KafkaStart               | 测试 --> 248
2021-12-21 17:51:51.216 |  INFO | 13632 | [main] | com.frame.kafka.KafkaStart               | 测试 --> 249
2021-12-21 17:51:51.324 |  INFO | 13632 | [main] | com.frame.kafka.KafkaStart               | 测试 --> 250
2021-12-21 17:51:51.434 |  INFO | 13632 | [main] | com.frame.kafka.KafkaStart               | 测试 --> 251
2021-12-21 17:51:51.545 |  INFO | 13632 | [main] | com.frame.kafka.KafkaStart               | 测试 --> 252
2021-12-21 17:51:51.655 |  INFO | 13632 | [main] | com.frame.kafka.KafkaStart               | 测试 --> 253
2021-12-21 17:51:51.764 |  INFO | 13632 | [main] | com.frame.kafka.KafkaStart               | 测试 --> 254
2021-12-21 17:51:51.873 |  INFO | 13632 | [main] | com.frame.kafka.KafkaStart               | 测试 --> 255
2021-12-21 17:51:51.982 |  INFO | 13632 | [main] | com.frame.kafka.KafkaStart               | 测试 --> 256
2021-12-21 17:51:52.094 |  INFO | 13632 | [main] | com.frame.kafka.KafkaStart               | 测试 --> 257
2021-12-21 17:51:52.206 |  INFO | 13632 | [main] | com.frame.kafka.KafkaStart               | 测试 --> 258
2021-12-21 17:51:52.315 |  INFO | 13632 | [main] | com.frame.kafka.KafkaStart               | 测试 --> 259
2021-12-21 17:51:52.424 |  INFO | 13632 | [main] | com.frame.kafka.KafkaStart               | 测试 --> 260
2021-12-21 17:51:52.535 |  INFO | 13632 | [main] | com.frame.kafka.KafkaStart               | 测试 --> 261
2021-12-21 17:51:52.643 |  INFO | 13632 | [main] | com.frame.kafka.KafkaStart               | 测试 --> 262
2021-12-21 17:51:52.751 |  INFO | 13632 | [main] | com.frame.kafka.KafkaStart               | 测试 --> 263
2021-12-21 17:51:52.858 |  INFO | 13632 | [main] | com.frame.kafka.KafkaStart               | 测试 --> 264
2021-12-21 17:51:52.966 |  INFO | 13632 | [main] | com.frame.kafka.KafkaStart               | 测试 --> 265
2021-12-21 17:51:53.074 |  INFO | 13632 | [main] | com.frame.kafka.KafkaStart               | 测试 --> 266
2021-12-21 17:51:53.184 |  INFO | 13632 | [main] | com.frame.kafka.KafkaStart               | 测试 --> 267
2021-12-21 17:51:53.294 |  INFO | 13632 | [main] | com.frame.kafka.KafkaStart               | 测试 --> 268
2021-12-21 17:51:53.403 |  INFO | 13632 | [main] | com.frame.kafka.KafkaStart               | 测试 --> 269
2021-12-21 17:51:53.512 |  INFO | 13632 | [main] | com.frame.kafka.KafkaStart               | 测试 --> 270
2021-12-21 17:51:53.624 |  INFO | 13632 | [main] | com.frame.kafka.KafkaStart               | 测试 --> 271
2021-12-21 17:51:53.735 |  INFO | 13632 | [main] | com.frame.kafka.KafkaStart               | 测试 --> 272
2021-12-21 17:51:53.843 |  INFO | 13632 | [main] | com.frame.kafka.KafkaStart               | 测试 --> 273
2021-12-21 17:51:53.951 |  INFO | 13632 | [main] | com.frame.kafka.KafkaStart               | 测试 --> 274
2021-12-21 17:51:54.061 |  INFO | 13632 | [main] | com.frame.kafka.KafkaStart               | 测试 --> 275
2021-12-21 17:51:54.169 |  INFO | 13632 | [main] | com.frame.kafka.KafkaStart               | 测试 --> 276
2021-12-21 17:51:54.279 |  INFO | 13632 | [main] | com.frame.kafka.KafkaStart               | 测试 --> 277
2021-12-21 17:51:54.388 |  INFO | 13632 | [main] | com.frame.kafka.KafkaStart               | 测试 --> 278
2021-12-21 17:51:54.498 |  INFO | 13632 | [main] | com.frame.kafka.KafkaStart               | 测试 --> 279
2021-12-21 17:51:54.609 |  INFO | 13632 | [main] | com.frame.kafka.KafkaStart               | 测试 --> 280
2021-12-21 17:51:54.719 |  INFO | 13632 | [main] | com.frame.kafka.KafkaStart               | 测试 --> 281
2021-12-21 17:51:54.828 |  INFO | 13632 | [main] | com.frame.kafka.KafkaStart               | 测试 --> 282
2021-12-21 17:51:54.937 |  INFO | 13632 | [main] | com.frame.kafka.KafkaStart               | 测试 --> 283
2021-12-21 17:51:55.048 |  INFO | 13632 | [main] | com.frame.kafka.KafkaStart               | 测试 --> 284
2021-12-21 17:51:55.158 |  INFO | 13632 | [main] | com.frame.kafka.KafkaStart               | 测试 --> 285
2021-12-21 17:51:55.267 |  INFO | 13632 | [main] | com.frame.kafka.KafkaStart               | 测试 --> 286
2021-12-21 17:51:55.377 |  INFO | 13632 | [main] | com.frame.kafka.KafkaStart               | 测试 --> 287
2021-12-21 17:51:55.488 |  INFO | 13632 | [main] | com.frame.kafka.KafkaStart               | 测试 --> 288
2021-12-21 17:51:55.598 |  INFO | 13632 | [main] | com.frame.kafka.KafkaStart               | 测试 --> 289
2021-12-21 17:51:55.706 |  INFO | 13632 | [main] | com.frame.kafka.KafkaStart               | 测试 --> 290
2021-12-21 17:51:55.815 |  INFO | 13632 | [main] | com.frame.kafka.KafkaStart               | 测试 --> 291
2021-12-21 17:51:55.924 |  INFO | 13632 | [main] | com.frame.kafka.KafkaStart               | 测试 --> 292
2021-12-21 17:51:56.033 |  INFO | 13632 | [main] | com.frame.kafka.KafkaStart               | 测试 --> 293
2021-12-21 17:51:56.142 |  INFO | 13632 | [main] | com.frame.kafka.KafkaStart               | 测试 --> 294
2021-12-21 17:51:56.251 |  INFO | 13632 | [main] | com.frame.kafka.KafkaStart               | 测试 --> 295
2021-12-21 17:51:56.359 |  INFO | 13632 | [main] | com.frame.kafka.KafkaStart               | 测试 --> 296
2021-12-21 17:51:56.467 |  INFO | 13632 | [main] | com.frame.kafka.KafkaStart               | 测试 --> 297
2021-12-21 17:51:56.577 |  INFO | 13632 | [main] | com.frame.kafka.KafkaStart               | 测试 --> 298
2021-12-21 17:51:56.686 |  INFO | 13632 | [main] | com.frame.kafka.KafkaStart               | 测试 --> 299
2021-12-21 17:51:56.794 |  INFO | 13632 | [main] | com.frame.kafka.KafkaStart               | 测试 --> 300
2021-12-21 17:51:56.903 |  INFO | 13632 | [main] | com.frame.kafka.KafkaStart               | 测试 --> 301
2021-12-21 17:51:57.014 |  INFO | 13632 | [main] | com.frame.kafka.KafkaStart               | 测试 --> 302
2021-12-21 17:51:57.125 |  INFO | 13632 | [main] | com.frame.kafka.KafkaStart               | 测试 --> 303
2021-12-21 17:51:57.236 |  INFO | 13632 | [main] | com.frame.kafka.KafkaStart               | 测试 --> 304
2021-12-21 17:51:57.343 |  INFO | 13632 | [main] | com.frame.kafka.KafkaStart               | 测试 --> 305
2021-12-21 17:51:57.452 |  INFO | 13632 | [main] | com.frame.kafka.KafkaStart               | 测试 --> 306
2021-12-21 17:51:57.560 |  INFO | 13632 | [main] | com.frame.kafka.KafkaStart               | 测试 --> 307
2021-12-21 17:51:57.670 |  INFO | 13632 | [main] | com.frame.kafka.KafkaStart               | 测试 --> 308
2021-12-21 17:51:57.781 |  INFO | 13632 | [main] | com.frame.kafka.KafkaStart               | 测试 --> 309
2021-12-21 17:51:57.891 |  INFO | 13632 | [main] | com.frame.kafka.KafkaStart               | 测试 --> 310
2021-12-21 17:51:58.002 |  INFO | 13632 | [main] | com.frame.kafka.KafkaStart               | 测试 --> 311
2021-12-21 17:51:58.110 |  INFO | 13632 | [main] | com.frame.kafka.KafkaStart               | 测试 --> 312
2021-12-21 17:51:58.219 |  INFO | 13632 | [main] | com.frame.kafka.KafkaStart               | 测试 --> 313
2021-12-21 17:51:58.327 |  INFO | 13632 | [main] | com.frame.kafka.KafkaStart               | 测试 --> 314
2021-12-21 17:51:58.439 |  INFO | 13632 | [main] | com.frame.kafka.KafkaStart               | 测试 --> 315
2021-12-21 17:51:58.548 |  INFO | 13632 | [main] | com.frame.kafka.KafkaStart               | 测试 --> 316
2021-12-21 17:51:58.655 |  INFO | 13632 | [main] | com.frame.kafka.KafkaStart               | 测试 --> 317
2021-12-21 17:51:58.765 |  INFO | 13632 | [main] | com.frame.kafka.KafkaStart               | 测试 --> 318
2021-12-21 17:51:58.875 |  INFO | 13632 | [main] | com.frame.kafka.KafkaStart               | 测试 --> 319
2021-12-21 17:51:58.984 |  INFO | 13632 | [main] | com.frame.kafka.KafkaStart               | 测试 --> 320
2021-12-21 17:51:59.093 |  INFO | 13632 | [main] | com.frame.kafka.KafkaStart               | 测试 --> 321
2021-12-21 17:51:59.201 |  INFO | 13632 | [main] | com.frame.kafka.KafkaStart               | 测试 --> 322
2021-12-21 17:51:59.311 |  INFO | 13632 | [main] | com.frame.kafka.KafkaStart               | 测试 --> 323
2021-12-21 17:51:59.420 |  INFO | 13632 | [main] | com.frame.kafka.KafkaStart               | 测试 --> 324
2021-12-21 17:51:59.529 |  INFO | 13632 | [main] | com.frame.kafka.KafkaStart               | 测试 --> 325
2021-12-21 17:51:59.637 |  INFO | 13632 | [main] | com.frame.kafka.KafkaStart               | 测试 --> 326
2021-12-21 17:51:59.746 |  INFO | 13632 | [main] | com.frame.kafka.KafkaStart               | 测试 --> 327
2021-12-21 17:51:59.856 |  INFO | 13632 | [main] | com.frame.kafka.KafkaStart               | 测试 --> 328
2021-12-21 17:51:59.963 |  INFO | 13632 | [main] | com.frame.kafka.KafkaStart               | 测试 --> 329
2021-12-21 17:52:00.072 |  INFO | 13632 | [main] | com.frame.kafka.KafkaStart               | 测试 --> 330
2021-12-21 17:52:00.181 |  INFO | 13632 | [main] | com.frame.kafka.KafkaStart               | 测试 --> 331
2021-12-21 17:52:00.291 |  INFO | 13632 | [main] | com.frame.kafka.KafkaStart               | 测试 --> 332
2021-12-21 17:52:00.399 |  INFO | 13632 | [main] | com.frame.kafka.KafkaStart               | 测试 --> 333
2021-12-21 17:52:00.509 |  INFO | 13632 | [main] | com.frame.kafka.KafkaStart               | 测试 --> 334
2021-12-21 17:52:00.616 |  INFO | 13632 | [main] | com.frame.kafka.KafkaStart               | 测试 --> 335
2021-12-21 17:52:00.724 |  INFO | 13632 | [main] | com.frame.kafka.KafkaStart               | 测试 --> 336
2021-12-21 17:52:00.831 |  INFO | 13632 | [main] | com.frame.kafka.KafkaStart               | 测试 --> 337
2021-12-21 17:52:00.939 |  INFO | 13632 | [main] | com.frame.kafka.KafkaStart               | 测试 --> 338
2021-12-21 17:52:01.047 |  INFO | 13632 | [main] | com.frame.kafka.KafkaStart               | 测试 --> 339
2021-12-21 17:52:01.156 |  INFO | 13632 | [main] | com.frame.kafka.KafkaStart               | 测试 --> 340
2021-12-21 17:52:01.266 |  INFO | 13632 | [main] | com.frame.kafka.KafkaStart               | 测试 --> 341
2021-12-21 17:52:01.374 |  INFO | 13632 | [main] | com.frame.kafka.KafkaStart               | 测试 --> 342
2021-12-21 17:52:01.484 |  INFO | 13632 | [main] | com.frame.kafka.KafkaStart               | 测试 --> 343
2021-12-21 17:52:01.591 |  INFO | 13632 | [main] | com.frame.kafka.KafkaStart               | 测试 --> 344
2021-12-21 17:52:01.698 |  INFO | 13632 | [main] | com.frame.kafka.KafkaStart               | 测试 --> 345
2021-12-21 17:52:01.806 |  INFO | 13632 | [main] | com.frame.kafka.KafkaStart               | 测试 --> 346
2021-12-21 17:52:01.913 |  INFO | 13632 | [main] | com.frame.kafka.KafkaStart               | 测试 --> 347
2021-12-21 17:52:02.023 |  INFO | 13632 | [main] | com.frame.kafka.KafkaStart               | 测试 --> 348
2021-12-21 17:52:02.133 |  INFO | 13632 | [main] | com.frame.kafka.KafkaStart               | 测试 --> 349
2021-12-21 17:52:02.242 |  INFO | 13632 | [main] | com.frame.kafka.KafkaStart               | 测试 --> 350
2021-12-21 17:52:02.350 |  INFO | 13632 | [main] | com.frame.kafka.KafkaStart               | 测试 --> 351
2021-12-21 17:52:02.459 |  INFO | 13632 | [main] | com.frame.kafka.KafkaStart               | 测试 --> 352
2021-12-21 17:52:02.570 |  INFO | 13632 | [main] | com.frame.kafka.KafkaStart               | 测试 --> 353
2021-12-21 17:52:02.678 |  INFO | 13632 | [main] | com.frame.kafka.KafkaStart               | 测试 --> 354
2021-12-21 17:52:02.787 |  INFO | 13632 | [main] | com.frame.kafka.KafkaStart               | 测试 --> 355
2021-12-21 17:52:02.897 |  INFO | 13632 | [main] | com.frame.kafka.KafkaStart               | 测试 --> 356
2021-12-21 17:52:03.006 |  INFO | 13632 | [main] | com.frame.kafka.KafkaStart               | 测试 --> 357
2021-12-21 17:52:03.115 |  INFO | 13632 | [main] | com.frame.kafka.KafkaStart               | 测试 --> 358
2021-12-21 17:52:03.225 |  INFO | 13632 | [main] | com.frame.kafka.KafkaStart               | 测试 --> 359
2021-12-21 17:52:03.335 |  INFO | 13632 | [main] | com.frame.kafka.KafkaStart               | 测试 --> 360
2021-12-21 17:52:03.441 |  INFO | 13632 | [main] | com.frame.kafka.KafkaStart               | 测试 --> 361
2021-12-21 17:52:03.549 |  INFO | 13632 | [main] | com.frame.kafka.KafkaStart               | 测试 --> 362
2021-12-21 17:52:03.657 |  INFO | 13632 | [main] | com.frame.kafka.KafkaStart               | 测试 --> 363
2021-12-21 17:52:03.767 |  INFO | 13632 | [main] | com.frame.kafka.KafkaStart               | 测试 --> 364
2021-12-21 17:52:03.875 |  INFO | 13632 | [main] | com.frame.kafka.KafkaStart               | 测试 --> 365
2021-12-21 17:52:03.984 |  INFO | 13632 | [main] | com.frame.kafka.KafkaStart               | 测试 --> 366
2021-12-21 17:52:04.092 |  INFO | 13632 | [main] | com.frame.kafka.KafkaStart               | 测试 --> 367
2021-12-21 17:52:04.201 |  INFO | 13632 | [main] | com.frame.kafka.KafkaStart               | 测试 --> 368
2021-12-21 17:52:04.310 |  INFO | 13632 | [main] | com.frame.kafka.KafkaStart               | 测试 --> 369
2021-12-21 17:52:04.418 |  INFO | 13632 | [main] | com.frame.kafka.KafkaStart               | 测试 --> 370
2021-12-21 17:52:04.526 |  INFO | 13632 | [main] | com.frame.kafka.KafkaStart               | 测试 --> 371
2021-12-21 17:52:04.635 |  INFO | 13632 | [main] | com.frame.kafka.KafkaStart               | 测试 --> 372
2021-12-21 17:52:04.743 |  INFO | 13632 | [main] | com.frame.kafka.KafkaStart               | 测试 --> 373
2021-12-21 17:52:04.854 |  INFO | 13632 | [main] | com.frame.kafka.KafkaStart               | 测试 --> 374
2021-12-21 17:52:04.963 |  INFO | 13632 | [main] | com.frame.kafka.KafkaStart               | 测试 --> 375
2021-12-21 17:52:05.073 |  INFO | 13632 | [main] | com.frame.kafka.KafkaStart               | 测试 --> 376
2021-12-21 17:52:05.181 |  INFO | 13632 | [main] | com.frame.kafka.KafkaStart               | 测试 --> 377
2021-12-21 17:52:05.290 |  INFO | 13632 | [main] | com.frame.kafka.KafkaStart               | 测试 --> 378
2021-12-21 17:52:05.401 |  INFO | 13632 | [main] | com.frame.kafka.KafkaStart               | 测试 --> 379
2021-12-21 17:52:05.513 |  INFO | 13632 | [main] | com.frame.kafka.KafkaStart               | 测试 --> 380
2021-12-21 17:52:05.622 |  INFO | 13632 | [main] | com.frame.kafka.KafkaStart               | 测试 --> 381
2021-12-21 17:52:05.730 |  INFO | 13632 | [main] | com.frame.kafka.KafkaStart               | 测试 --> 382
2021-12-21 17:52:05.841 |  INFO | 13632 | [main] | com.frame.kafka.KafkaStart               | 测试 --> 383
2021-12-21 17:52:05.951 |  INFO | 13632 | [main] | com.frame.kafka.KafkaStart               | 测试 --> 384
2021-12-21 17:52:06.061 |  INFO | 13632 | [main] | com.frame.kafka.KafkaStart               | 测试 --> 385
2021-12-21 17:52:06.169 |  INFO | 13632 | [main] | com.frame.kafka.KafkaStart               | 测试 --> 386
2021-12-21 17:52:06.278 |  INFO | 13632 | [main] | com.frame.kafka.KafkaStart               | 测试 --> 387
2021-12-21 17:52:06.389 |  INFO | 13632 | [main] | com.frame.kafka.KafkaStart               | 测试 --> 388
2021-12-21 17:52:06.498 |  INFO | 13632 | [main] | com.frame.kafka.KafkaStart               | 测试 --> 389
2021-12-21 17:52:06.607 |  INFO | 13632 | [main] | com.frame.kafka.KafkaStart               | 测试 --> 390
2021-12-21 17:52:06.715 |  INFO | 13632 | [main] | com.frame.kafka.KafkaStart               | 测试 --> 391
2021-12-21 17:52:06.826 |  INFO | 13632 | [main] | com.frame.kafka.KafkaStart               | 测试 --> 392
2021-12-21 17:52:06.936 |  INFO | 13632 | [main] | com.frame.kafka.KafkaStart               | 测试 --> 393
2021-12-21 17:52:07.044 |  INFO | 13632 | [main] | com.frame.kafka.KafkaStart               | 测试 --> 394
2021-12-21 17:52:07.153 |  INFO | 13632 | [main] | com.frame.kafka.KafkaStart               | 测试 --> 395
2021-12-21 17:52:07.262 |  INFO | 13632 | [main] | com.frame.kafka.KafkaStart               | 测试 --> 396
2021-12-21 17:52:07.371 |  INFO | 13632 | [main] | com.frame.kafka.KafkaStart               | 测试 --> 397
2021-12-21 17:52:07.479 |  INFO | 13632 | [main] | com.frame.kafka.KafkaStart               | 测试 --> 398
2021-12-21 17:52:07.589 |  INFO | 13632 | [main] | com.frame.kafka.KafkaStart               | 测试 --> 399
2021-12-21 17:52:07.697 |  INFO | 13632 | [main] | com.frame.kafka.KafkaStart               | 测试 --> 400
2021-12-21 17:52:07.805 |  INFO | 13632 | [main] | com.frame.kafka.KafkaStart               | 测试 --> 401
2021-12-21 17:52:07.913 |  INFO | 13632 | [main] | com.frame.kafka.KafkaStart               | 测试 --> 402
2021-12-21 17:52:08.021 |  INFO | 13632 | [main] | com.frame.kafka.KafkaStart               | 测试 --> 403
2021-12-21 17:52:08.129 |  INFO | 13632 | [main] | com.frame.kafka.KafkaStart               | 测试 --> 404
2021-12-21 17:52:08.238 |  INFO | 13632 | [main] | com.frame.kafka.KafkaStart               | 测试 --> 405
2021-12-21 17:52:08.346 |  INFO | 13632 | [main] | com.frame.kafka.KafkaStart               | 测试 --> 406
2021-12-21 17:52:08.456 |  INFO | 13632 | [main] | com.frame.kafka.KafkaStart               | 测试 --> 407
2021-12-21 17:52:08.565 |  INFO | 13632 | [main] | com.frame.kafka.KafkaStart               | 测试 --> 408
2021-12-21 17:52:08.674 |  INFO | 13632 | [main] | com.frame.kafka.KafkaStart               | 测试 --> 409
2021-12-21 17:52:08.785 |  INFO | 13632 | [main] | com.frame.kafka.KafkaStart               | 测试 --> 410
2021-12-21 17:52:08.893 |  INFO | 13632 | [main] | com.frame.kafka.KafkaStart               | 测试 --> 411
2021-12-21 17:52:09.002 |  INFO | 13632 | [main] | com.frame.kafka.KafkaStart               | 测试 --> 412
2021-12-21 17:52:09.110 |  INFO | 13632 | [main] | com.frame.kafka.KafkaStart               | 测试 --> 413
2021-12-21 17:52:09.218 |  INFO | 13632 | [main] | com.frame.kafka.KafkaStart               | 测试 --> 414
2021-12-21 17:52:09.326 |  INFO | 13632 | [main] | com.frame.kafka.KafkaStart               | 测试 --> 415
2021-12-21 17:52:09.436 |  INFO | 13632 | [main] | com.frame.kafka.KafkaStart               | 测试 --> 416
2021-12-21 17:52:09.544 |  INFO | 13632 | [main] | com.frame.kafka.KafkaStart               | 测试 --> 417
2021-12-21 17:52:09.653 |  INFO | 13632 | [main] | com.frame.kafka.KafkaStart               | 测试 --> 418
2021-12-21 17:52:09.762 |  INFO | 13632 | [main] | com.frame.kafka.KafkaStart               | 测试 --> 419
2021-12-21 17:52:09.870 |  INFO | 13632 | [main] | com.frame.kafka.KafkaStart               | 测试 --> 420
2021-12-21 17:52:09.980 |  INFO | 13632 | [main] | com.frame.kafka.KafkaStart               | 测试 --> 421
2021-12-21 17:52:10.089 |  INFO | 13632 | [main] | com.frame.kafka.KafkaStart               | 测试 --> 422
2021-12-21 17:52:10.200 |  INFO | 13632 | [main] | com.frame.kafka.KafkaStart               | 测试 --> 423
2021-12-21 17:52:10.307 |  INFO | 13632 | [main] | com.frame.kafka.KafkaStart               | 测试 --> 424
2021-12-21 17:52:10.416 |  INFO | 13632 | [main] | com.frame.kafka.KafkaStart               | 测试 --> 425
2021-12-21 17:52:10.527 |  INFO | 13632 | [main] | com.frame.kafka.KafkaStart               | 测试 --> 426
2021-12-21 17:52:10.636 |  INFO | 13632 | [main] | com.frame.kafka.KafkaStart               | 测试 --> 427
2021-12-21 17:52:10.747 |  INFO | 13632 | [main] | com.frame.kafka.KafkaStart               | 测试 --> 428
2021-12-21 17:52:10.853 |  INFO | 13632 | [main] | com.frame.kafka.KafkaStart               | 测试 --> 429
2021-12-21 17:52:10.963 |  INFO | 13632 | [main] | com.frame.kafka.KafkaStart               | 测试 --> 430
2021-12-21 17:52:11.070 |  INFO | 13632 | [main] | com.frame.kafka.KafkaStart               | 测试 --> 431
2021-12-21 17:52:11.179 |  INFO | 13632 | [main] | com.frame.kafka.KafkaStart               | 测试 --> 432
2021-12-21 17:52:11.289 |  INFO | 13632 | [main] | com.frame.kafka.KafkaStart               | 测试 --> 433
2021-12-21 17:52:11.398 |  INFO | 13632 | [main] | com.frame.kafka.KafkaStart               | 测试 --> 434
2021-12-21 17:52:11.505 |  INFO | 13632 | [main] | com.frame.kafka.KafkaStart               | 测试 --> 435
2021-12-21 17:52:11.616 |  INFO | 13632 | [main] | com.frame.kafka.KafkaStart               | 测试 --> 436
2021-12-21 17:52:11.725 |  INFO | 13632 | [main] | com.frame.kafka.KafkaStart               | 测试 --> 437
2021-12-21 17:52:11.835 |  INFO | 13632 | [main] | com.frame.kafka.KafkaStart               | 测试 --> 438
2021-12-21 17:52:11.945 |  INFO | 13632 | [main] | com.frame.kafka.KafkaStart               | 测试 --> 439
2021-12-21 17:52:12.056 |  INFO | 13632 | [main] | com.frame.kafka.KafkaStart               | 测试 --> 440
2021-12-21 17:52:12.167 |  INFO | 13632 | [main] | com.frame.kafka.KafkaStart               | 测试 --> 441
2021-12-21 17:52:12.276 |  INFO | 13632 | [main] | com.frame.kafka.KafkaStart               | 测试 --> 442
2021-12-21 17:52:12.386 |  INFO | 13632 | [main] | com.frame.kafka.KafkaStart               | 测试 --> 443
2021-12-21 17:52:12.496 |  INFO | 13632 | [main] | com.frame.kafka.KafkaStart               | 测试 --> 444
2021-12-21 17:52:12.603 |  INFO | 13632 | [main] | com.frame.kafka.KafkaStart               | 测试 --> 445
2021-12-21 17:52:12.712 |  INFO | 13632 | [main] | com.frame.kafka.KafkaStart               | 测试 --> 446
2021-12-21 17:52:12.822 |  INFO | 13632 | [main] | com.frame.kafka.KafkaStart               | 测试 --> 447
2021-12-21 17:52:12.931 |  INFO | 13632 | [main] | com.frame.kafka.KafkaStart               | 测试 --> 448
2021-12-21 17:52:13.040 |  INFO | 13632 | [main] | com.frame.kafka.KafkaStart               | 测试 --> 449
2021-12-21 17:52:13.150 |  INFO | 13632 | [main] | com.frame.kafka.KafkaStart               | 测试 --> 450
2021-12-21 17:52:13.260 |  INFO | 13632 | [main] | com.frame.kafka.KafkaStart               | 测试 --> 451
2021-12-21 17:52:13.370 |  INFO | 13632 | [main] | com.frame.kafka.KafkaStart               | 测试 --> 452
2021-12-21 17:52:13.480 |  INFO | 13632 | [main] | com.frame.kafka.KafkaStart               | 测试 --> 453
2021-12-21 17:52:13.590 |  INFO | 13632 | [main] | com.frame.kafka.KafkaStart               | 测试 --> 454
2021-12-21 17:52:13.700 |  INFO | 13632 | [main] | com.frame.kafka.KafkaStart               | 测试 --> 455
2021-12-21 17:52:13.809 |  INFO | 13632 | [main] | com.frame.kafka.KafkaStart               | 测试 --> 456
2021-12-21 17:52:13.919 |  INFO | 13632 | [main] | com.frame.kafka.KafkaStart               | 测试 --> 457
2021-12-21 17:52:14.027 |  INFO | 13632 | [main] | com.frame.kafka.KafkaStart               | 测试 --> 458
2021-12-21 17:52:14.135 |  INFO | 13632 | [main] | com.frame.kafka.KafkaStart               | 测试 --> 459
2021-12-21 17:52:14.242 |  INFO | 13632 | [main] | com.frame.kafka.KafkaStart               | 测试 --> 460
2021-12-21 17:52:14.350 |  INFO | 13632 | [main] | com.frame.kafka.KafkaStart               | 测试 --> 461
2021-12-21 17:52:14.458 |  INFO | 13632 | [main] | com.frame.kafka.KafkaStart               | 测试 --> 462
2021-12-21 17:52:14.566 |  INFO | 13632 | [main] | com.frame.kafka.KafkaStart               | 测试 --> 463
2021-12-21 17:52:14.675 |  INFO | 13632 | [main] | com.frame.kafka.KafkaStart               | 测试 --> 464
2021-12-21 17:52:14.783 |  INFO | 13632 | [main] | com.frame.kafka.KafkaStart               | 测试 --> 465
2021-12-21 17:52:14.891 |  INFO | 13632 | [main] | com.frame.kafka.KafkaStart               | 测试 --> 466
2021-12-21 17:52:14.997 |  INFO | 13632 | [main] | com.frame.kafka.KafkaStart               | 测试 --> 467
2021-12-21 17:52:15.106 |  INFO | 13632 | [main] | com.frame.kafka.KafkaStart               | 测试 --> 468
2021-12-21 17:52:15.215 |  INFO | 13632 | [main] | com.frame.kafka.KafkaStart               | 测试 --> 469
2021-12-21 17:52:15.325 |  INFO | 13632 | [main] | com.frame.kafka.KafkaStart               | 测试 --> 470
2021-12-21 17:52:15.437 |  INFO | 13632 | [main] | com.frame.kafka.KafkaStart               | 测试 --> 471
2021-12-21 17:52:15.545 |  INFO | 13632 | [main] | com.frame.kafka.KafkaStart               | 测试 --> 472
2021-12-21 17:52:15.655 |  INFO | 13632 | [main] | com.frame.kafka.KafkaStart               | 测试 --> 473
2021-12-21 17:52:15.767 |  INFO | 13632 | [main] | com.frame.kafka.KafkaStart               | 测试 --> 474
2021-12-21 17:52:15.877 |  INFO | 13632 | [main] | com.frame.kafka.KafkaStart               | 测试 --> 475
2021-12-21 17:52:15.987 |  INFO | 13632 | [main] | com.frame.kafka.KafkaStart               | 测试 --> 476
2021-12-21 17:52:16.095 |  INFO | 13632 | [main] | com.frame.kafka.KafkaStart               | 测试 --> 477
2021-12-21 17:52:16.206 |  INFO | 13632 | [main] | com.frame.kafka.KafkaStart               | 测试 --> 478
2021-12-21 17:52:16.315 |  INFO | 13632 | [main] | com.frame.kafka.KafkaStart               | 测试 --> 479
2021-12-21 17:52:16.425 |  INFO | 13632 | [main] | com.frame.kafka.KafkaStart               | 测试 --> 480
2021-12-21 17:52:16.534 |  INFO | 13632 | [main] | com.frame.kafka.KafkaStart               | 测试 --> 481
2021-12-21 17:52:16.645 |  INFO | 13632 | [main] | com.frame.kafka.KafkaStart               | 测试 --> 482
2021-12-21 17:52:16.753 |  INFO | 13632 | [main] | com.frame.kafka.KafkaStart               | 测试 --> 483
2021-12-21 17:52:16.861 |  INFO | 13632 | [main] | com.frame.kafka.KafkaStart               | 测试 --> 484
2021-12-21 17:52:16.970 |  INFO | 13632 | [main] | com.frame.kafka.KafkaStart               | 测试 --> 485
2021-12-21 17:52:17.080 |  INFO | 13632 | [main] | com.frame.kafka.KafkaStart               | 测试 --> 486
2021-12-21 17:52:17.190 |  INFO | 13632 | [main] | com.frame.kafka.KafkaStart               | 测试 --> 487
2021-12-21 17:52:17.301 |  INFO | 13632 | [main] | com.frame.kafka.KafkaStart               | 测试 --> 488
2021-12-21 17:52:17.411 |  INFO | 13632 | [main] | com.frame.kafka.KafkaStart               | 测试 --> 489
2021-12-21 17:52:17.520 |  INFO | 13632 | [main] | com.frame.kafka.KafkaStart               | 测试 --> 490
2021-12-21 17:52:17.630 |  INFO | 13632 | [main] | com.frame.kafka.KafkaStart               | 测试 --> 491
2021-12-21 17:52:17.739 |  INFO | 13632 | [main] | com.frame.kafka.KafkaStart               | 测试 --> 492
2021-12-21 17:52:17.849 |  INFO | 13632 | [main] | com.frame.kafka.KafkaStart               | 测试 --> 493
2021-12-21 17:52:17.958 |  INFO | 13632 | [main] | com.frame.kafka.KafkaStart               | 测试 --> 494
2021-12-21 17:52:18.068 |  INFO | 13632 | [main] | com.frame.kafka.KafkaStart               | 测试 --> 495
2021-12-21 17:52:18.175 |  INFO | 13632 | [main] | com.frame.kafka.KafkaStart               | 测试 --> 496
2021-12-21 17:52:18.284 |  INFO | 13632 | [main] | com.frame.kafka.KafkaStart               | 测试 --> 497
2021-12-21 17:52:18.394 |  INFO | 13632 | [main] | com.frame.kafka.KafkaStart               | 测试 --> 498
2021-12-21 17:52:18.502 |  INFO | 13632 | [main] | com.frame.kafka.KafkaStart               | 测试 --> 499
2021-12-21 17:52:18.613 |  INFO | 13632 | [main] | com.frame.kafka.KafkaStart               | 测试 --> 500
2021-12-21 17:52:18.721 |  INFO | 13632 | [main] | com.frame.kafka.KafkaStart               | 测试 --> 501
2021-12-21 17:52:18.830 |  INFO | 13632 | [main] | com.frame.kafka.KafkaStart               | 测试 --> 502
2021-12-21 17:52:18.939 |  INFO | 13632 | [main] | com.frame.kafka.KafkaStart               | 测试 --> 503
2021-12-21 17:52:19.048 |  INFO | 13632 | [main] | com.frame.kafka.KafkaStart               | 测试 --> 504
2021-12-21 17:52:19.157 |  INFO | 13632 | [main] | com.frame.kafka.KafkaStart               | 测试 --> 505
2021-12-21 17:52:19.267 |  INFO | 13632 | [main] | com.frame.kafka.KafkaStart               | 测试 --> 506
2021-12-21 17:52:19.375 |  INFO | 13632 | [main] | com.frame.kafka.KafkaStart               | 测试 --> 507
2021-12-21 17:52:19.486 |  INFO | 13632 | [main] | com.frame.kafka.KafkaStart               | 测试 --> 508
2021-12-21 17:52:19.595 |  INFO | 13632 | [main] | com.frame.kafka.KafkaStart               | 测试 --> 509
2021-12-21 17:52:19.703 |  INFO | 13632 | [main] | com.frame.kafka.KafkaStart               | 测试 --> 510
2021-12-21 17:52:19.812 |  INFO | 13632 | [main] | com.frame.kafka.KafkaStart               | 测试 --> 511
2021-12-21 17:52:19.921 |  INFO | 13632 | [main] | com.frame.kafka.KafkaStart               | 测试 --> 512
2021-12-21 17:52:20.029 |  INFO | 13632 | [main] | com.frame.kafka.KafkaStart               | 测试 --> 513
2021-12-21 17:52:20.141 |  INFO | 13632 | [main] | com.frame.kafka.KafkaStart               | 测试 --> 514
2021-12-21 17:52:20.192 |  INFO | 13632 | [SpringContextShutdownHook] | o.s.s.concurrent.ThreadPoolTaskExecutor  | Shutting down ExecutorService 'applicationTaskExecutor'
